c:\users\admin\downloads\antihack\mhp_antihack_fullsource\source\hackclient\hackclient\release\antihack.pch
c:\users\admin\downloads\antihack\mhp_antihack_fullsource\source\hackclient\hackclient\release\vc143.pdb
c:\users\admin\downloads\antihack\mhp_antihack_fullsource\source\hackclient\hackclient\release\stdafx.obj
c:\users\admin\downloads\antihack\mhp_antihack_fullsource\source\hackclient\hackclient\release\processquery.obj
c:\users\admin\downloads\antihack\mhp_antihack_fullsource\source\hackclient\hackclient\release\processmanager.obj
c:\users\admin\downloads\antihack\mhp_antihack_fullsource\source\hackclient\hackclient\release\processcheck.obj
c:\users\admin\downloads\antihack\mhp_antihack_fullsource\source\hackclient\hackclient\release\message.obj
c:\users\admin\downloads\antihack\mhp_antihack_fullsource\source\hackclient\hackclient\release\macrocheck.obj
c:\users\admin\downloads\antihack\mhp_antihack_fullsource\source\hackclient\hackclient\release\log.obj
c:\users\admin\downloads\antihack\mhp_antihack_fullsource\source\hackclient\hackclient\release\executablecheck.obj
c:\users\admin\downloads\antihack\mhp_antihack_fullsource\source\hackclient\hackclient\release\dumpcheck.obj
c:\users\admin\downloads\antihack\mhp_antihack_fullsource\source\hackclient\hackclient\release\listmanager.obj
c:\users\admin\downloads\antihack\mhp_antihack_fullsource\source\hackclient\hackclient\release\hackclient.obj
c:\users\admin\downloads\antihack\mhp_antihack_fullsource\source\hackclient\hackclient\release\hackcheck.obj
c:\users\admin\downloads\antihack\mhp_antihack_fullsource\source\hackclient\hackclient\release\librarycheck.obj
c:\users\admin\downloads\antihack\mhp_antihack_fullsource\source\hackclient\hackclient\release\hackserverprotocol.obj
c:\users\admin\downloads\antihack\mhp_antihack_fullsource\source\hackclient\hackclient\release\fileprotect.obj
c:\users\admin\downloads\antihack\mhp_antihack_fullsource\source\hackclient\hackclient\release\filemappingcheck.obj
c:\users\admin\downloads\antihack\mhp_antihack_fullsource\source\hackclient\hackclient\release\filecheck.obj
c:\users\admin\downloads\antihack\mhp_antihack_fullsource\source\hackclient\hackclient\release\d3d9.obj
c:\users\admin\downloads\antihack\mhp_antihack_fullsource\source\hackclient\hackclient\release\criticalsection.obj
c:\users\admin\downloads\antihack\mhp_antihack_fullsource\source\hackclient\hackclient\release\connection.obj
c:\users\admin\downloads\antihack\mhp_antihack_fullsource\source\hackclient\hackclient\release\ccrc32.obj
c:\users\admin\downloads\antihack\mhp_antihack_fullsource\source\hackclient\hackclient\release\windowcheck.obj
c:\users\admin\downloads\antihack\mhp_antihack_fullsource\source\hackclient\hackclient\release\registrycheck.obj
c:\users\admin\downloads\antihack\mhp_antihack_fullsource\source\hackclient\hackclient\release\util.obj
c:\users\admin\downloads\antihack\mhp_antihack_fullsource\source\hackclient\hackclient\release\threadcheck.obj
c:\users\admin\downloads\antihack\mhp_antihack_fullsource\source\hackclient\hackclient\release\splashscreen.obj
c:\users\admin\downloads\antihack\mhp_antihack_fullsource\source\hackclient\hackclient\release\simplemodules.obj
c:\users\admin\downloads\antihack\mhp_antihack_fullsource\source\hackclient\hackclient\release\screencapture.obj
c:\users\admin\downloads\antihack\mhp_antihack_fullsource\source\hackclient\hackclient\release\protect.obj
d:\games\clients18(p2-2) (1)\clients18(p2-2)\client\antihack.lib
d:\games\clients18(p2-2) (1)\clients18(p2-2)\client\antihack.exp
d:\games\clients18(p2-2) (1)\clients18(p2-2)\client\antihack.dll
c:\users\admin\downloads\antihack\mhp_antihack_fullsource\source\hackclient\hackclient\release\antihack.ipdb
c:\users\admin\downloads\antihack\mhp_antihack_fullsource\source\hackclient\hackclient\release\antihack.iobj
d:\games\clients18(p2-2) (1)\clients18(p2-2)\client\antihack.map
d:\games\clients18(p2-2) (1)\clients18(p2-2)\client\antihack.pdb
c:\users\admin\downloads\antihack\mhp_antihack_fullsource\source\hackclient\hackclient\release\hackclient1.res
c:\users\admin\downloads\antihack\mhp_antihack_fullsource\source\hackclient\hackclient\release\hackclient.tlog\cl.command.1.tlog
c:\users\admin\downloads\antihack\mhp_antihack_fullsource\source\hackclient\hackclient\release\hackclient.tlog\cl.read.1.tlog
c:\users\admin\downloads\antihack\mhp_antihack_fullsource\source\hackclient\hackclient\release\hackclient.tlog\cl.write.1.tlog
c:\users\admin\downloads\antihack\mhp_antihack_fullsource\source\hackclient\hackclient\release\hackclient.tlog\link.command.1.tlog
c:\users\admin\downloads\antihack\mhp_antihack_fullsource\source\hackclient\hackclient\release\hackclient.tlog\link.read.1.tlog
c:\users\admin\downloads\antihack\mhp_antihack_fullsource\source\hackclient\hackclient\release\hackclient.tlog\link.write.1.tlog
c:\users\admin\downloads\antihack\mhp_antihack_fullsource\source\hackclient\hackclient\release\hackclient.tlog\link.write.2u.tlog
c:\users\admin\downloads\antihack\mhp_antihack_fullsource\source\hackclient\hackclient\release\hackclient.tlog\rc.command.1.tlog
c:\users\admin\downloads\antihack\mhp_antihack_fullsource\source\hackclient\hackclient\release\hackclient.tlog\rc.read.1.tlog
c:\users\admin\downloads\antihack\mhp_antihack_fullsource\source\hackclient\hackclient\release\hackclient.tlog\rc.write.1.tlog
