d:\games\antihack\antihack\source\hackclient\hackclient\debug\mhpclient.pch
d:\games\antihack\antihack\source\hackclient\hackclient\debug\vc143.pdb
d:\games\antihack\antihack\source\hackclient\hackclient\debug\vc143.idb
d:\games\antihack\antihack\source\hackclient\hackclient\debug\stdafx.obj
d:\games\antihack\antihack\source\hackclient\hackclient\debug\processquery.obj
d:\games\antihack\antihack\source\hackclient\hackclient\debug\processmanager.obj
d:\games\antihack\antihack\source\hackclient\hackclient\debug\processcheck.obj
d:\games\antihack\antihack\source\hackclient\hackclient\debug\message.obj
d:\games\antihack\antihack\source\hackclient\hackclient\debug\macrocheck.obj
d:\games\antihack\antihack\source\hackclient\hackclient\debug\log.obj
d:\games\antihack\antihack\source\hackclient\hackclient\debug\executablecheck.obj
d:\games\antihack\antihack\source\hackclient\hackclient\debug\dumpcheck.obj
d:\games\antihack\antihack\source\hackclient\hackclient\debug\listmanager.obj
d:\games\antihack\antihack\source\hackclient\hackclient\debug\hackclient.obj
d:\games\antihack\antihack\source\hackclient\hackclient\debug\hackcheck.obj
d:\games\antihack\antihack\source\hackclient\hackclient\debug\librarycheck.obj
d:\games\antihack\antihack\source\hackclient\hackclient\debug\hackserverprotocol.obj
d:\games\antihack\antihack\source\hackclient\hackclient\debug\fileprotect.obj
d:\games\antihack\antihack\source\hackclient\hackclient\debug\filemappingcheck.obj
d:\games\antihack\antihack\source\hackclient\hackclient\debug\filecheck.obj
d:\games\antihack\antihack\source\hackclient\hackclient\debug\d3d9.obj
d:\games\antihack\antihack\source\hackclient\hackclient\debug\criticalsection.obj
d:\games\antihack\antihack\source\hackclient\hackclient\debug\connection.obj
d:\games\antihack\antihack\source\hackclient\hackclient\debug\ccrc32.obj
d:\games\antihack\antihack\source\hackclient\hackclient\debug\windowcheck.obj
d:\games\antihack\antihack\source\hackclient\hackclient\debug\registrycheck.obj
d:\games\antihack\antihack\source\hackclient\hackclient\debug\util.obj
d:\games\antihack\antihack\source\hackclient\hackclient\debug\threadcheck.obj
d:\games\antihack\antihack\source\hackclient\hackclient\debug\splashscreen.obj
d:\games\antihack\antihack\source\hackclient\hackclient\debug\simplemodules.obj
d:\games\antihack\antihack\source\hackclient\hackclient\debug\screencapture.obj
d:\games\antihack\antihack\source\hackclient\hackclient\debug\protect.obj
d:\games\clients18(p2-2) (1)\clients18(p2-2)\client\mhpclient.lib
d:\games\clients18(p2-2) (1)\clients18(p2-2)\client\mhpclient.exp
d:\games\clients18(p2-2) (1)\clients18(p2-2)\client\mhpclient.dll
d:\games\antihack\antihack\source\hackclient\hackclient\debug\mhpclient.ilk
d:\games\clients18(p2-2) (1)\clients18(p2-2)\client\mhpclient.pdb
d:\games\antihack\antihack\source\hackclient\hackclient\debug\hackclient1.res
d:\games\antihack\antihack\source\hackclient\hackclient\debug\hackclient.tlog\cl.command.1.tlog
d:\games\antihack\antihack\source\hackclient\hackclient\debug\hackclient.tlog\cl.read.1.tlog
d:\games\antihack\antihack\source\hackclient\hackclient\debug\hackclient.tlog\cl.write.1.tlog
d:\games\antihack\antihack\source\hackclient\hackclient\debug\hackclient.tlog\link.command.1.tlog
d:\games\antihack\antihack\source\hackclient\hackclient\debug\hackclient.tlog\link.read.1.tlog
d:\games\antihack\antihack\source\hackclient\hackclient\debug\hackclient.tlog\link.write.1.tlog
d:\games\antihack\antihack\source\hackclient\hackclient\debug\hackclient.tlog\link.write.2u.tlog
d:\games\antihack\antihack\source\hackclient\hackclient\debug\hackclient.tlog\rc.command.1.tlog
d:\games\antihack\antihack\source\hackclient\hackclient\debug\hackclient.tlog\rc.read.1.tlog
d:\games\antihack\antihack\source\hackclient\hackclient\debug\hackclient.tlog\rc.write.1.tlog
