A:\_PROJECT____\_MU___\MHP_ANTIHACK_FULLSOURCE\ANTIHACKSERVER\HACKDETECT.DLL
A:\_PROJECT____\_MU___\MHP_ANTIHACK_FULLSOURCE\ANTIHACKSERVER\HACKDETECT.PDB
A:\_Project____\_MU___\MHP_AntiHack_FullSource\Source\HackDetect\HackDetect\Release\cl.command.1.tlog
A:\_Project____\_MU___\MHP_AntiHack_FullSource\Source\HackDetect\HackDetect\Release\CL.read.1.tlog
A:\_Project____\_MU___\MHP_AntiHack_FullSource\Source\HackDetect\HackDetect\Release\CL.write.1.tlog
A:\_PROJECT____\_MU___\MHP_ANTIHACK_FULLSOURCE\SOURCE\HACKDETECT\HACKDETECT\RELEASE\HACKDETECT.DLL.INTERMEDIATE.MANIFEST
A:\_PROJECT____\_MU___\MHP_ANTIHACK_FULLSOURCE\SOURCE\HACKDETECT\HACKDETECT\RELEASE\HACKDETECT.OBJ
A:\_PROJECT____\_MU___\MHP_ANTIHACK_FULLSOURCE\SOURCE\HACKDETECT\HACKDETECT\RELEASE\HACKDETECT.PCH
A:\_PROJECT____\_MU___\MHP_ANTIHACK_FULLSOURCE\SOURCE\HACKDETECT\HACKDETECT\RELEASE\HACKDETECT.RES
A:\_Project____\_MU___\MHP_AntiHack_FullSource\Source\HackDetect\HackDetect\Release\HackDetect.write.1.tlog
A:\_Project____\_MU___\MHP_AntiHack_FullSource\Source\HackDetect\HackDetect\Release\link.command.1.tlog
A:\_Project____\_MU___\MHP_AntiHack_FullSource\Source\HackDetect\HackDetect\Release\link.read.1.tlog
A:\_Project____\_MU___\MHP_AntiHack_FullSource\Source\HackDetect\HackDetect\Release\link.write.1.tlog
A:\_Project____\_MU___\MHP_AntiHack_FullSource\Source\HackDetect\HackDetect\Release\link-cvtres.read.1.tlog
A:\_Project____\_MU___\MHP_AntiHack_FullSource\Source\HackDetect\HackDetect\Release\link-cvtres.write.1.tlog
A:\_Project____\_MU___\MHP_AntiHack_FullSource\Source\HackDetect\HackDetect\Release\mt.command.1.tlog
A:\_Project____\_MU___\MHP_AntiHack_FullSource\Source\HackDetect\HackDetect\Release\mt.read.1.tlog
A:\_Project____\_MU___\MHP_AntiHack_FullSource\Source\HackDetect\HackDetect\Release\mt.write.1.tlog
A:\_Project____\_MU___\MHP_AntiHack_FullSource\Source\HackDetect\HackDetect\Release\rc.command.1.tlog
A:\_Project____\_MU___\MHP_AntiHack_FullSource\Source\HackDetect\HackDetect\Release\rc.read.1.tlog
A:\_Project____\_MU___\MHP_AntiHack_FullSource\Source\HackDetect\HackDetect\Release\rc.write.1.tlog
A:\_PROJECT____\_MU___\MHP_ANTIHACK_FULLSOURCE\SOURCE\HACKDETECT\HACKDETECT\RELEASE\STDAFX.OBJ
A:\_PROJECT____\_MU___\MHP_ANTIHACK_FULLSOURCE\SOURCE\HACKDETECT\HACKDETECT\RELEASE\VC100.PDB
