c:\users\admin\downloads\antihack\mhp_antihack_fullsource\source\hackserver\hackserver\release\antihackserver.pch
c:\users\admin\downloads\antihack\mhp_antihack_fullsource\source\hackserver\hackserver\release\vc143.pdb
c:\users\admin\downloads\antihack\mhp_antihack_fullsource\source\hackserver\hackserver\release\stdafx.obj
c:\users\admin\downloads\antihack\mhp_antihack_fullsource\source\hackserver\hackserver\release\ccrc32.obj
c:\users\admin\downloads\antihack\mhp_antihack_fullsource\source\hackserver\hackserver\release\minidump.obj
c:\users\admin\downloads\antihack\mhp_antihack_fullsource\source\hackserver\hackserver\release\readfiles.obj
c:\users\admin\downloads\antihack\mhp_antihack_fullsource\source\hackserver\hackserver\release\authenticate.obj
c:\users\admin\downloads\antihack\mhp_antihack_fullsource\source\hackserver\hackserver\release\memscript.obj
c:\users\admin\downloads\antihack\mhp_antihack_fullsource\source\hackserver\hackserver\release\serverinfo.obj
c:\users\admin\downloads\antihack\mhp_antihack_fullsource\source\hackserver\hackserver\release\log.obj
c:\users\admin\downloads\antihack\mhp_antihack_fullsource\source\hackserver\hackserver\release\socketmanager.obj
c:\users\admin\downloads\antihack\mhp_antihack_fullsource\source\hackserver\hackserver\release\hackserverprotocol.obj
c:\users\admin\downloads\antihack\mhp_antihack_fullsource\source\hackserver\hackserver\release\blacklist.obj
c:\users\admin\downloads\antihack\mhp_antihack_fullsource\source\hackserver\hackserver\release\util.obj
c:\users\admin\downloads\antihack\mhp_antihack_fullsource\source\hackserver\hackserver\release\ipmanager.obj
c:\users\admin\downloads\antihack\mhp_antihack_fullsource\source\hackserver\hackserver\release\filedownloadurl.obj
c:\users\admin\downloads\antihack\mhp_antihack_fullsource\source\hackserver\hackserver\release\serverdisplayer.obj
c:\users\admin\downloads\antihack\mhp_antihack_fullsource\source\hackserver\hackserver\release\criticalsection.obj
c:\users\admin\downloads\antihack\mhp_antihack_fullsource\source\hackserver\hackserver\release\processmanager.obj
c:\users\admin\downloads\antihack\mhp_antihack_fullsource\source\hackserver\hackserver\release\hackserver.obj
c:\users\admin\downloads\antihack\mhp_antihack_fullsource\source\hackserver\hackserver\release\clientmanager.obj
c:\users\admin\downloads\antihack\mhp_antihack_fullsource\source\hackserver\hackserver\release\hidmanager.obj
c:\users\admin\downloads\antihack\mhp_antihack_fullsource\source\hackserver\hackserver\release\filedownloadhttp.obj
c:\users\admin\downloads\antihack\mhp_antihack_fullsource\source\hackserver\hackserver\release\queue.obj
c:\users\admin\downloads\antihack\mhp_antihack_fullsource\antihackserver\antihackserver.exe
c:\users\admin\downloads\antihack\mhp_antihack_fullsource\source\hackserver\hackserver\release\antihackserver.ipdb
c:\users\admin\downloads\antihack\mhp_antihack_fullsource\source\hackserver\hackserver\release\antihackserver.iobj
c:\users\admin\downloads\antihack\mhp_antihack_fullsource\antihackserver\antihackserver.map
c:\users\admin\downloads\antihack\mhp_antihack_fullsource\antihackserver\antihackserver.pdb
c:\users\admin\downloads\antihack\mhp_antihack_fullsource\source\hackserver\hackserver\release\hackserver.res
c:\users\admin\downloads\antihack\mhp_antihack_fullsource\source\hackserver\hackserver\release\hackserver.vcxproj.filelistabsolute.txt
c:\users\admin\downloads\antihack\mhp_antihack_fullsource\source\hackserver\hackserver\release\hackserver.tlog\cl.command.1.tlog
c:\users\admin\downloads\antihack\mhp_antihack_fullsource\source\hackserver\hackserver\release\hackserver.tlog\cl.read.1.tlog
c:\users\admin\downloads\antihack\mhp_antihack_fullsource\source\hackserver\hackserver\release\hackserver.tlog\cl.write.1.tlog
c:\users\admin\downloads\antihack\mhp_antihack_fullsource\source\hackserver\hackserver\release\hackserver.tlog\link.command.1.tlog
c:\users\admin\downloads\antihack\mhp_antihack_fullsource\source\hackserver\hackserver\release\hackserver.tlog\link.read.1.tlog
c:\users\admin\downloads\antihack\mhp_antihack_fullsource\source\hackserver\hackserver\release\hackserver.tlog\link.write.1.tlog
c:\users\admin\downloads\antihack\mhp_antihack_fullsource\source\hackserver\hackserver\release\hackserver.tlog\rc.command.1.tlog
c:\users\admin\downloads\antihack\mhp_antihack_fullsource\source\hackserver\hackserver\release\hackserver.tlog\rc.read.1.tlog
c:\users\admin\downloads\antihack\mhp_antihack_fullsource\source\hackserver\hackserver\release\hackserver.tlog\rc.write.1.tlog
