A:\_Project____\_MU___\AntiHackMU\MHP_AntiHack\Source\HackVerify\HackVerify\Release\cl.command.1.tlog
A:\_Project____\_MU___\AntiHackMU\MHP_AntiHack\Source\HackVerify\HackVerify\Release\CL.read.1.tlog
A:\_Project____\_MU___\AntiHackMU\MHP_AntiHack\Source\HackVerify\HackVerify\Release\CL.write.1.tlog
A:\_PROJECT____\_MU___\ANTIHACKMU\MHP_ANTIHACK\SOURCE\HACKVERIFY\HACKVERIFY\RELEASE\HACKVERIFY.OBJ
A:\_PROJECT____\_MU___\ANTIHACKMU\MHP_ANTIHACK\SOURCE\HACKVERIFY\HACKVERIFY\RELEASE\HACKVERIFY.RES
A:\_Project____\_MU___\AntiHackMU\MHP_AntiHack\Source\HackVerify\HackVerify\Release\HackVerify.write.1.tlog
A:\_Project____\_MU___\AntiHackMU\MHP_AntiHack\Source\HackVerify\HackVerify\Release\link.command.1.tlog
A:\_Project____\_MU___\AntiHackMU\MHP_AntiHack\Source\HackVerify\HackVerify\Release\link.read.1.tlog
A:\_Project____\_MU___\AntiHackMU\MHP_AntiHack\Source\HackVerify\HackVerify\Release\link.write.1.tlog
A:\_Project____\_MU___\AntiHackMU\MHP_AntiHack\Source\HackVerify\HackVerify\Release\link-cvtres.read.1.tlog
A:\_Project____\_MU___\AntiHackMU\MHP_AntiHack\Source\HackVerify\HackVerify\Release\link-cvtres.write.1.tlog
A:\_PROJECT____\_MU___\ANTIHACKMU\MHP_ANTIHACK\SOURCE\HACKVERIFY\HACKVERIFY\RELEASE\MHPVERIFY.DLL.INTERMEDIATE.MANIFEST
A:\_PROJECT____\_MU___\ANTIHACKMU\MHP_ANTIHACK\SOURCE\HACKVERIFY\HACKVERIFY\RELEASE\MHPVERIFY.PCH
A:\_Project____\_MU___\AntiHackMU\MHP_AntiHack\Source\HackVerify\HackVerify\Release\mt.command.1.tlog
A:\_Project____\_MU___\AntiHackMU\MHP_AntiHack\Source\HackVerify\HackVerify\Release\mt.read.1.tlog
A:\_Project____\_MU___\AntiHackMU\MHP_AntiHack\Source\HackVerify\HackVerify\Release\mt.write.1.tlog
A:\_Project____\_MU___\AntiHackMU\MHP_AntiHack\Source\HackVerify\HackVerify\Release\rc.command.1.tlog
A:\_Project____\_MU___\AntiHackMU\MHP_AntiHack\Source\HackVerify\HackVerify\Release\rc.read.1.tlog
A:\_Project____\_MU___\AntiHackMU\MHP_AntiHack\Source\HackVerify\HackVerify\Release\rc.write.1.tlog
A:\_PROJECT____\_MU___\ANTIHACKMU\MHP_ANTIHACK\SOURCE\HACKVERIFY\HACKVERIFY\RELEASE\STDAFX.OBJ
A:\_PROJECT____\_MU___\ANTIHACKMU\MHP_ANTIHACK\SOURCE\HACKVERIFY\HACKVERIFY\RELEASE\VC100.PDB
A:\_PROJECT____\_MU___\ANTIHACKMU\MHP_ANTIHACK\SOURCE\RELEASE\MHPVERIFY.DLL
A:\_PROJECT____\_MU___\ANTIHACKMU\MHP_ANTIHACK\SOURCE\RELEASE\MHPVERIFY.PDB
