A:\_Project____\_MU___\MHP_AntiHack_FullSource\Source\HackVerify\HackVerify\Release\cl.command.1.tlog
A:\_Project____\_MU___\MHP_AntiHack_FullSource\Source\HackVerify\HackVerify\Release\CL.read.1.tlog
A:\_Project____\_MU___\MHP_AntiHack_FullSource\Source\HackVerify\HackVerify\Release\CL.write.1.tlog
A:\_PROJECT____\_MU___\MHP_ANTIHACK_FULLSOURCE\SOURCE\HACKVERIFY\HACKVERIFY\RELEASE\HACKVERIFY.OBJ
A:\_PROJECT____\_MU___\MHP_ANTIHACK_FULLSOURCE\SOURCE\HACKVERIFY\HACKVERIFY\RELEASE\HACKVERIFY.RES
A:\_Project____\_MU___\MHP_AntiHack_FullSource\Source\HackVerify\HackVerify\Release\HackVerify.write.1.tlog
A:\_Project____\_MU___\MHP_AntiHack_FullSource\Source\HackVerify\HackVerify\Release\link.command.1.tlog
A:\_Project____\_MU___\MHP_AntiHack_FullSource\Source\HackVerify\HackVerify\Release\link.read.1.tlog
A:\_Project____\_MU___\MHP_AntiHack_FullSource\Source\HackVerify\HackVerify\Release\link.write.1.tlog
A:\_Project____\_MU___\MHP_AntiHack_FullSource\Source\HackVerify\HackVerify\Release\link-cvtres.read.1.tlog
A:\_Project____\_MU___\MHP_AntiHack_FullSource\Source\HackVerify\HackVerify\Release\link-cvtres.write.1.tlog
A:\_Project____\_MU___\MHP_AntiHack_FullSource\Source\HackVerify\HackVerify\Release\mt.command.1.tlog
A:\_Project____\_MU___\MHP_AntiHack_FullSource\Source\HackVerify\HackVerify\Release\mt.read.1.tlog
A:\_Project____\_MU___\MHP_AntiHack_FullSource\Source\HackVerify\HackVerify\Release\mt.write.1.tlog
A:\_Project____\_MU___\MHP_AntiHack_FullSource\Source\HackVerify\HackVerify\Release\rc.command.1.tlog
A:\_Project____\_MU___\MHP_AntiHack_FullSource\Source\HackVerify\HackVerify\Release\rc.read.1.tlog
A:\_Project____\_MU___\MHP_AntiHack_FullSource\Source\HackVerify\HackVerify\Release\rc.write.1.tlog
A:\_PROJECT____\_MU___\MHP_ANTIHACK_FULLSOURCE\SOURCE\HACKVERIFY\HACKVERIFY\RELEASE\STDAFX.OBJ
A:\_PROJECT____\_MU___\MHP_ANTIHACK_FULLSOURCE\SOURCE\HACKVERIFY\HACKVERIFY\RELEASE\VC100.PDB
A:\_PROJECT____\_MU___\MHP_ANTIHACK_FULLSOURCE\SOURCE\HACKVERIFY\HACKVERIFY\RELEASE\ZVERIFY.DLL.INTERMEDIATE.MANIFEST
A:\_PROJECT____\_MU___\MHP_ANTIHACK_FULLSOURCE\SOURCE\HACKVERIFY\HACKVERIFY\RELEASE\ZVERIFY.PCH
A:\_PROJECT____\_MU___\MHP_ANTIHACK_FULLSOURCE\TOOLS\ZVERIFY.DLL
A:\_PROJECT____\_MU___\MHP_ANTIHACK_FULLSOURCE\TOOLS\ZVERIFY.PDB
