c:\users\admin\downloads\antihack\mhp_antihack_fullsource\source\hackserver\hackserver\debug\hackserver.pch
c:\users\admin\downloads\antihack\mhp_antihack_fullsource\source\hackserver\hackserver\debug\vc143.pdb
c:\users\admin\downloads\antihack\mhp_antihack_fullsource\source\hackserver\hackserver\debug\vc143.idb
c:\users\admin\downloads\antihack\mhp_antihack_fullsource\source\hackserver\hackserver\debug\stdafx.obj
c:\users\admin\downloads\antihack\mhp_antihack_fullsource\source\hackserver\hackserver\debug\blacklist.obj
c:\users\admin\downloads\antihack\mhp_antihack_fullsource\source\hackserver\hackserver\debug\hidmanager.obj
c:\users\admin\downloads\antihack\mhp_antihack_fullsource\source\hackserver\hackserver\debug\clientmanager.obj
c:\users\admin\downloads\antihack\mhp_antihack_fullsource\source\hackserver\hackserver\debug\log.obj
c:\users\admin\downloads\antihack\mhp_antihack_fullsource\source\hackserver\hackserver\debug\processmanager.obj
c:\users\admin\downloads\antihack\mhp_antihack_fullsource\source\hackserver\hackserver\debug\criticalsection.obj
c:\users\admin\downloads\antihack\mhp_antihack_fullsource\source\hackserver\hackserver\debug\queue.obj
c:\users\admin\downloads\antihack\mhp_antihack_fullsource\source\hackserver\hackserver\debug\hackserver.obj
c:\users\admin\downloads\antihack\mhp_antihack_fullsource\source\hackserver\hackserver\debug\util.obj
c:\users\admin\downloads\antihack\mhp_antihack_fullsource\source\hackserver\hackserver\debug\authenticate.obj
c:\users\admin\downloads\antihack\mhp_antihack_fullsource\source\hackserver\hackserver\debug\memscript.obj
c:\users\admin\downloads\antihack\mhp_antihack_fullsource\source\hackserver\hackserver\debug\socketmanager.obj
c:\users\admin\downloads\antihack\mhp_antihack_fullsource\source\hackserver\hackserver\debug\filedownloadurl.obj
c:\users\admin\downloads\antihack\mhp_antihack_fullsource\source\hackserver\hackserver\debug\readfiles.obj
c:\users\admin\downloads\antihack\mhp_antihack_fullsource\source\hackserver\hackserver\debug\ipmanager.obj
c:\users\admin\downloads\antihack\mhp_antihack_fullsource\source\hackserver\hackserver\debug\filedownloadhttp.obj
c:\users\admin\downloads\antihack\mhp_antihack_fullsource\source\hackserver\hackserver\debug\serverdisplayer.obj
c:\users\admin\downloads\antihack\mhp_antihack_fullsource\source\hackserver\hackserver\debug\ccrc32.obj
c:\users\admin\downloads\antihack\mhp_antihack_fullsource\source\hackserver\hackserver\debug\minidump.obj
c:\users\admin\downloads\antihack\mhp_antihack_fullsource\source\hackserver\hackserver\debug\serverinfo.obj
c:\users\admin\downloads\antihack\mhp_antihack_fullsource\source\hackserver\hackserver\debug\hackserver.vcxproj.filelistabsolute.txt
c:\users\admin\downloads\antihack\mhp_antihack_fullsource\source\hackserver\hackserver\debug\hackserver.tlog\cl.command.1.tlog
c:\users\admin\downloads\antihack\mhp_antihack_fullsource\source\hackserver\hackserver\debug\hackserver.tlog\cl.read.1.tlog
c:\users\admin\downloads\antihack\mhp_antihack_fullsource\source\hackserver\hackserver\debug\hackserver.tlog\cl.write.1.tlog
