A:\_Project____\_MU___\MHP_AntiHack_FullSource\Source\GetHackList\GetHackList\Release\CL.12996.read.1.tlog
A:\_Project____\_MU___\MHP_AntiHack_FullSource\Source\GetHackList\GetHackList\Release\CL.12996.write.1.tlog
A:\_Project____\_MU___\MHP_AntiHack_FullSource\Source\GetHackList\GetHackList\Release\CL.15052.read.1.tlog
A:\_Project____\_MU___\MHP_AntiHack_FullSource\Source\GetHackList\GetHackList\Release\CL.15052.write.1.tlog
A:\_Project____\_MU___\MHP_AntiHack_FullSource\Source\GetHackList\GetHackList\Release\cl.command.1.tlog
A:\_Project____\_MU___\MHP_AntiHack_FullSource\Source\GetHackList\GetHackList\Release\CL.read.1.tlog
A:\_Project____\_MU___\MHP_AntiHack_FullSource\Source\GetHackList\GetHackList\Release\CL.write.1.tlog
A:\_PROJECT____\_MU___\MHP_ANTIHACK_FULLSOURCE\SOURCE\GETHACKLIST\GETHACKLIST\RELEASE\CRC32.OBJ
A:\_PROJECT____\_MU___\MHP_ANTIHACK_FULLSOURCE\SOURCE\GETHACKLIST\GETHACKLIST\RELEASE\FILEPROTECT.OBJ
A:\_PROJECT____\_MU___\MHP_ANTIHACK_FULLSOURCE\SOURCE\GETHACKLIST\GETHACKLIST\RELEASE\GETHACKLIST.EXE.INTERMEDIATE.MANIFEST
A:\_PROJECT____\_MU___\MHP_ANTIHACK_FULLSOURCE\SOURCE\GETHACKLIST\GETHACKLIST\RELEASE\GETHACKLIST.OBJ
A:\_PROJECT____\_MU___\MHP_ANTIHACK_FULLSOURCE\SOURCE\GETHACKLIST\GETHACKLIST\RELEASE\GETHACKLIST.PCH
A:\_PROJECT____\_MU___\MHP_ANTIHACK_FULLSOURCE\SOURCE\GETHACKLIST\GETHACKLIST\RELEASE\GETHACKLIST.RES
A:\_Project____\_MU___\MHP_AntiHack_FullSource\Source\GetHackList\GetHackList\Release\GetHackList.vcxprojResolveAssemblyReference.cache
A:\_Project____\_MU___\MHP_AntiHack_FullSource\Source\GetHackList\GetHackList\Release\GetHackList.write.1.tlog
A:\_Project____\_MU___\MHP_AntiHack_FullSource\Source\GetHackList\GetHackList\Release\link.command.1.tlog
A:\_Project____\_MU___\MHP_AntiHack_FullSource\Source\GetHackList\GetHackList\Release\link.read.1.tlog
A:\_Project____\_MU___\MHP_AntiHack_FullSource\Source\GetHackList\GetHackList\Release\link.write.1.tlog
A:\_Project____\_MU___\MHP_AntiHack_FullSource\Source\GetHackList\GetHackList\Release\link-cvtres.read.1.tlog
A:\_Project____\_MU___\MHP_AntiHack_FullSource\Source\GetHackList\GetHackList\Release\link-cvtres.write.1.tlog
A:\_Project____\_MU___\MHP_AntiHack_FullSource\Source\GetHackList\GetHackList\Release\mt.command.1.tlog
A:\_Project____\_MU___\MHP_AntiHack_FullSource\Source\GetHackList\GetHackList\Release\mt.read.1.tlog
A:\_Project____\_MU___\MHP_AntiHack_FullSource\Source\GetHackList\GetHackList\Release\mt.write.1.tlog
A:\_Project____\_MU___\MHP_AntiHack_FullSource\Source\GetHackList\GetHackList\Release\rc.command.1.tlog
A:\_Project____\_MU___\MHP_AntiHack_FullSource\Source\GetHackList\GetHackList\Release\rc.read.1.tlog
A:\_Project____\_MU___\MHP_AntiHack_FullSource\Source\GetHackList\GetHackList\Release\rc.write.1.tlog
A:\_PROJECT____\_MU___\MHP_ANTIHACK_FULLSOURCE\SOURCE\GETHACKLIST\GETHACKLIST\RELEASE\STDAFX.OBJ
A:\_PROJECT____\_MU___\MHP_ANTIHACK_FULLSOURCE\SOURCE\GETHACKLIST\GETHACKLIST\RELEASE\VC100.PDB
A:\_PROJECT____\_MU___\MHP_ANTIHACK_FULLSOURCE\TOOLS\GENHACKDUMP\GETHACKLIST.EXE
A:\_PROJECT____\_MU___\MHP_ANTIHACK_FULLSOURCE\TOOLS\GENHACKDUMP\GETHACKLIST.PDB
