A:\_PROJECT____\_MU___\_S6_EP3\VY\MUSOURCE\ANTIHACKMU\DEBUG\HACKVERIFY.DLL
A:\_PROJECT____\_MU___\_S6_EP3\VY\MUSOURCE\ANTIHACKMU\DEBUG\HACKVERIFY.ILK
A:\_PROJECT____\_MU___\_S6_EP3\VY\MUSOURCE\ANTIHACKMU\DEBUG\HACKVERIFY.PDB
A:\_PROJECT____\_MU___\_S6_EP3\VY\MUSOURCE\ANTIHACKMU\HACKVERIFY\HACKVERIFY\DEBUG\HACKVERIFY.DLL.EMBED.MANIFEST
A:\_PROJECT____\_MU___\_S6_EP3\VY\MUSOURCE\ANTIHACKMU\HACKVERIFY\HACKVERIFY\DEBUG\HACKVERIFY.DLL.EMBED.MANIFEST.RES
A:\_PROJECT____\_MU___\_S6_EP3\VY\MUSOURCE\ANTIHACKMU\HACKVERIFY\HACKVERIFY\DEBUG\HACKVERIFY.DLL.INTERMEDIATE.MANIFEST
A:\_PROJECT____\_MU___\_S6_EP3\VY\MUSOURCE\ANTIHACKMU\HACKVERIFY\HACKVERIFY\DEBUG\HACKVERIFY.OBJ
A:\_PROJECT____\_MU___\_S6_EP3\VY\MUSOURCE\ANTIHACKMU\HACKVERIFY\HACKVERIFY\DEBUG\HACKVERIFY.PCH
A:\_PROJECT____\_MU___\_S6_EP3\VY\MUSOURCE\ANTIHACKMU\HACKVERIFY\HACKVERIFY\DEBUG\HACKVERIFY.RES
A:\_PROJECT____\_MU___\_S6_EP3\VY\MUSOURCE\ANTIHACKMU\HACKVERIFY\HACKVERIFY\DEBUG\STDAFX.OBJ
A:\_PROJECT____\_MU___\_S6_EP3\VY\MUSOURCE\ANTIHACKMU\HACKVERIFY\HACKVERIFY\DEBUG\VC100.PDB
A:\_Project____\_MU___\AntiHackMU\Source\Debug\HackVerify.dll
A:\_Project____\_MU___\AntiHackMU\Source\Debug\HackVerify.ilk
A:\_Project____\_MU___\AntiHackMU\Source\Debug\HackVerify.pdb
A:\_Project____\_MU___\AntiHackMU\Source\HackVerify\HackVerify\Debug\cl.command.1.tlog
A:\_Project____\_MU___\AntiHackMU\Source\HackVerify\HackVerify\Debug\CL.read.1.tlog
A:\_Project____\_MU___\AntiHackMU\Source\HackVerify\HackVerify\Debug\CL.write.1.tlog
A:\_Project____\_MU___\AntiHackMU\Source\HackVerify\HackVerify\Debug\HackVerify.dll.embed.manifest
A:\_Project____\_MU___\AntiHackMU\Source\HackVerify\HackVerify\Debug\HackVerify.dll.embed.manifest.res
A:\_Project____\_MU___\AntiHackMU\Source\HackVerify\HackVerify\Debug\HackVerify.dll.intermediate.manifest
A:\_Project____\_MU___\AntiHackMU\Source\HackVerify\HackVerify\Debug\HackVerify.obj
A:\_Project____\_MU___\AntiHackMU\Source\HackVerify\HackVerify\Debug\HackVerify.pch
A:\_Project____\_MU___\AntiHackMU\Source\HackVerify\HackVerify\Debug\HackVerify.res
A:\_Project____\_MU___\AntiHackMU\Source\HackVerify\HackVerify\Debug\HackVerify.write.1.tlog
A:\_Project____\_MU___\AntiHackMU\Source\HackVerify\HackVerify\Debug\HackVerify_manifest.rc
A:\_Project____\_MU___\AntiHackMU\Source\HackVerify\HackVerify\Debug\link.8472.read.1.tlog
A:\_Project____\_MU___\AntiHackMU\Source\HackVerify\HackVerify\Debug\link.8472.read.2.tlog
A:\_Project____\_MU___\AntiHackMU\Source\HackVerify\HackVerify\Debug\link.8472.write.1.tlog
A:\_Project____\_MU___\AntiHackMU\Source\HackVerify\HackVerify\Debug\link.8472-cvtres.read.1.tlog
A:\_Project____\_MU___\AntiHackMU\Source\HackVerify\HackVerify\Debug\link.8472-cvtres.write.1.tlog
A:\_Project____\_MU___\AntiHackMU\Source\HackVerify\HackVerify\Debug\link.command.1.tlog
A:\_Project____\_MU___\AntiHackMU\Source\HackVerify\HackVerify\Debug\link.read.1.tlog
A:\_Project____\_MU___\AntiHackMU\Source\HackVerify\HackVerify\Debug\link.read.2.tlog
A:\_Project____\_MU___\AntiHackMU\Source\HackVerify\HackVerify\Debug\link.write.1.tlog
A:\_Project____\_MU___\AntiHackMU\Source\HackVerify\HackVerify\Debug\link-cvtres.read.1.tlog
A:\_Project____\_MU___\AntiHackMU\Source\HackVerify\HackVerify\Debug\link-cvtres.write.1.tlog
A:\_Project____\_MU___\AntiHackMU\Source\HackVerify\HackVerify\Debug\mt.command.1.tlog
A:\_Project____\_MU___\AntiHackMU\Source\HackVerify\HackVerify\Debug\mt.read.1.tlog
A:\_Project____\_MU___\AntiHackMU\Source\HackVerify\HackVerify\Debug\mt.write.1.tlog
A:\_Project____\_MU___\AntiHackMU\Source\HackVerify\HackVerify\Debug\rc.command.1.tlog
A:\_Project____\_MU___\AntiHackMU\Source\HackVerify\HackVerify\Debug\rc.read.1.tlog
A:\_Project____\_MU___\AntiHackMU\Source\HackVerify\HackVerify\Debug\rc.write.1.tlog
A:\_Project____\_MU___\AntiHackMU\Source\HackVerify\HackVerify\Debug\stdafx.obj
A:\_Project____\_MU___\AntiHackMU\Source\HackVerify\HackVerify\Debug\vc100.idb
A:\_Project____\_MU___\AntiHackMU\Source\HackVerify\HackVerify\Debug\vc100.pdb
