A:\_PROJECT____\_MU___\MHP_ANTIHACK_FULLSOURCE\SOURCE\GETCLIENTINFO\GETCLIENTINFO\RELEASE\CCRC32.OBJ
A:\_Project____\_MU___\MHP_AntiHack_FullSource\Source\GetClientInfo\GetClientInfo\Release\CL.13880.read.1.tlog
A:\_Project____\_MU___\MHP_AntiHack_FullSource\Source\GetClientInfo\GetClientInfo\Release\CL.13880.write.1.tlog
A:\_Project____\_MU___\MHP_AntiHack_FullSource\Source\GetClientInfo\GetClientInfo\Release\CL.13968.read.1.tlog
A:\_Project____\_MU___\MHP_AntiHack_FullSource\Source\GetClientInfo\GetClientInfo\Release\CL.13968.write.1.tlog
A:\_Project____\_MU___\MHP_AntiHack_FullSource\Source\GetClientInfo\GetClientInfo\Release\cl.command.1.tlog
A:\_Project____\_MU___\MHP_AntiHack_FullSource\Source\GetClientInfo\GetClientInfo\Release\CL.read.1.tlog
A:\_Project____\_MU___\MHP_AntiHack_FullSource\Source\GetClientInfo\GetClientInfo\Release\CL.write.1.tlog
A:\_PROJECT____\_MU___\MHP_ANTIHACK_FULLSOURCE\SOURCE\GETCLIENTINFO\GETCLIENTINFO\RELEASE\GETCLIENTINFO.EXE.INTERMEDIATE.MANIFEST
A:\_PROJECT____\_MU___\MHP_ANTIHACK_FULLSOURCE\SOURCE\GETCLIENTINFO\GETCLIENTINFO\RELEASE\GETCLIENTINFO.OBJ
A:\_PROJECT____\_MU___\MHP_ANTIHACK_FULLSOURCE\SOURCE\GETCLIENTINFO\GETCLIENTINFO\RELEASE\GETCLIENTINFO.PCH
A:\_Project____\_MU___\MHP_AntiHack_FullSource\Source\GetClientInfo\GetClientInfo\Release\GetClientInfo.vcxprojResolveAssemblyReference.cache
A:\_Project____\_MU___\MHP_AntiHack_FullSource\Source\GetClientInfo\GetClientInfo\Release\GetClientInfo.write.1.tlog
A:\_PROJECT____\_MU___\MHP_ANTIHACK_FULLSOURCE\SOURCE\GETCLIENTINFO\GETCLIENTINFO\RELEASE\GETMAININFO.RES
A:\_Project____\_MU___\MHP_AntiHack_FullSource\Source\GetClientInfo\GetClientInfo\Release\link.command.1.tlog
A:\_Project____\_MU___\MHP_AntiHack_FullSource\Source\GetClientInfo\GetClientInfo\Release\link.read.1.tlog
A:\_Project____\_MU___\MHP_AntiHack_FullSource\Source\GetClientInfo\GetClientInfo\Release\link.write.1.tlog
A:\_Project____\_MU___\MHP_AntiHack_FullSource\Source\GetClientInfo\GetClientInfo\Release\link-cvtres.read.1.tlog
A:\_Project____\_MU___\MHP_AntiHack_FullSource\Source\GetClientInfo\GetClientInfo\Release\link-cvtres.write.1.tlog
A:\_PROJECT____\_MU___\MHP_ANTIHACK_FULLSOURCE\SOURCE\GETCLIENTINFO\GETCLIENTINFO\RELEASE\MEMSCRIPT.OBJ
A:\_PROJECT____\_MU___\MHP_ANTIHACK_FULLSOURCE\SOURCE\GETCLIENTINFO\GETCLIENTINFO\RELEASE\MESSAGE.OBJ
A:\_Project____\_MU___\MHP_AntiHack_FullSource\Source\GetClientInfo\GetClientInfo\Release\mt.command.1.tlog
A:\_Project____\_MU___\MHP_AntiHack_FullSource\Source\GetClientInfo\GetClientInfo\Release\mt.read.1.tlog
A:\_Project____\_MU___\MHP_AntiHack_FullSource\Source\GetClientInfo\GetClientInfo\Release\mt.write.1.tlog
A:\_Project____\_MU___\MHP_AntiHack_FullSource\Source\GetClientInfo\GetClientInfo\Release\rc.command.1.tlog
A:\_Project____\_MU___\MHP_AntiHack_FullSource\Source\GetClientInfo\GetClientInfo\Release\rc.read.1.tlog
A:\_Project____\_MU___\MHP_AntiHack_FullSource\Source\GetClientInfo\GetClientInfo\Release\rc.write.1.tlog
A:\_PROJECT____\_MU___\MHP_ANTIHACK_FULLSOURCE\SOURCE\GETCLIENTINFO\GETCLIENTINFO\RELEASE\STDAFX.OBJ
A:\_PROJECT____\_MU___\MHP_ANTIHACK_FULLSOURCE\SOURCE\GETCLIENTINFO\GETCLIENTINFO\RELEASE\VC100.PDB
A:\_PROJECT____\_MU___\MHP_ANTIHACK_FULLSOURCE\TOOLS\GETCLIENTINFO.EXE
A:\_PROJECT____\_MU___\MHP_ANTIHACK_FULLSOURCE\TOOLS\GETCLIENTINFO.PDB
